1619441703779	geckodriver	INFO	Listening on 127.0.0.1:40227
1619441703787	mozrunner::runner	INFO	Running command: "/usr/bin/firefox" "--marionette" "-headless" "-foreground" "-no-remote" "-profile" "/tmp/rust_mozprofileXH2cQb"
*** You are running in headless mode.

(/usr/lib/firefox/firefox:15797): GLib-GObject-CRITICAL **: 18:25:04.840: g_object_set: assertion 'G_IS_OBJECT (object)' failed

(/usr/lib/firefox/firefox:15814): GLib-GObject-CRITICAL **: 18:25:04.975: g_object_set: assertion 'G_IS_OBJECT (object)' failed
console.warn: SearchSettings: "get: No settings file exists, new profile?" (new Error("", "(unknown module)"))
1619441705758	Marionette	INFO	Listening on port 33277
1619441705824	Marionette	WARN	TLS certificate errors will be ignored for this session

(/usr/lib/firefox/firefox:15884): GLib-GObject-CRITICAL **: 18:25:05.855: g_object_set: assertion 'G_IS_OBJECT (object)' failed
1619441706377	Marionette	WARN	Ignoring event 'DOMContentLoaded' because document has an invalid readyState of 'complete'.

(firefox:15723): GLib-GIO-WARNING **: 18:25:11.099: /etc/xdg/kde-mimeapps.list contains a [Added Associations] group, but it is not permitted here.  Only the non-desktop-specific mimeapps.list file may add or remove associations.
1619441711888	Marionette	INFO	Stopped listening on port 33277
1619441931499	geckodriver	INFO	Listening on 127.0.0.1:46517
1619441931502	mozrunner::runner	INFO	Running command: "/usr/bin/firefox" "--marionette" "-headless" "-foreground" "-no-remote" "-profile" "/tmp/rust_mozprofileahUiyo"
*** You are running in headless mode.

(/usr/lib/firefox/firefox:16525): GLib-GObject-CRITICAL **: 18:28:52.230: g_object_set: assertion 'G_IS_OBJECT (object)' failed

(/usr/lib/firefox/firefox:16542): GLib-GObject-CRITICAL **: 18:28:52.399: g_object_set: assertion 'G_IS_OBJECT (object)' failed
console.warn: SearchSettings: "get: No settings file exists, new profile?" (new Error("", "(unknown module)"))
1619441932971	Marionette	INFO	Listening on port 46845
1619441933022	Marionette	WARN	TLS certificate errors will be ignored for this session

(/usr/lib/firefox/firefox:16618): GLib-GObject-CRITICAL **: 18:28:53.246: g_object_set: assertion 'G_IS_OBJECT (object)' failed
1619441933410	Marionette	WARN	Ignoring event 'DOMContentLoaded' because document has an invalid readyState of 'complete'.

(firefox:16468): GLib-GIO-WARNING **: 18:28:55.068: /etc/xdg/kde-mimeapps.list contains a [Added Associations] group, but it is not permitted here.  Only the non-desktop-specific mimeapps.list file may add or remove associations.
1619441935879	Marionette	INFO	Stopped listening on port 46845
1619442032009	geckodriver	INFO	Listening on 127.0.0.1:50387
1619442032012	mozrunner::runner	INFO	Running command: "/usr/bin/firefox" "--marionette" "-headless" "-foreground" "-no-remote" "-profile" "/tmp/rust_mozprofilelPidQB"
*** You are running in headless mode.

(/usr/lib/firefox/firefox:16926): GLib-GObject-CRITICAL **: 18:30:32.719: g_object_set: assertion 'G_IS_OBJECT (object)' failed

(/usr/lib/firefox/firefox:16943): GLib-GObject-CRITICAL **: 18:30:32.850: g_object_set: assertion 'G_IS_OBJECT (object)' failed
console.warn: SearchSettings: "get: No settings file exists, new profile?" (new Error("", "(unknown module)"))
1619442033472	Marionette	INFO	Listening on port 33561
1619442033529	Marionette	WARN	TLS certificate errors will be ignored for this session

(/usr/lib/firefox/firefox:17018): GLib-GObject-CRITICAL **: 18:30:33.716: g_object_set: assertion 'G_IS_OBJECT (object)' failed
1619442033987	Marionette	WARN	Ignoring event 'DOMContentLoaded' because document has an invalid readyState of 'complete'.

(firefox:16869): GLib-GIO-WARNING **: 18:30:35.696: /etc/xdg/kde-mimeapps.list contains a [Added Associations] group, but it is not permitted here.  Only the non-desktop-specific mimeapps.list file may add or remove associations.
1619442036457	Marionette	INFO	Stopped listening on port 33561

###!!! [Parent][RunMessage] Error: Channel closing: too late to send/recv, messages will be lost

1619446987087	geckodriver	INFO	Listening on 127.0.0.1:56885
1619446987090	mozrunner::runner	INFO	Running command: "/usr/bin/firefox" "--marionette" "-headless" "-foreground" "-no-remote" "-profile" "/tmp/rust_mozprofilexRHhu4"
*** You are running in headless mode.

(/usr/lib/firefox/firefox:29823): GLib-GObject-CRITICAL **: 19:53:07.857: g_object_set: assertion 'G_IS_OBJECT (object)' failed

(/usr/lib/firefox/firefox:29840): GLib-GObject-CRITICAL **: 19:53:08.005: g_object_set: assertion 'G_IS_OBJECT (object)' failed
console.warn: SearchSettings: "get: No settings file exists, new profile?" (new Error("", "(unknown module)"))
1619446988632	Marionette	INFO	Listening on port 39347
1619446988761	Marionette	WARN	TLS certificate errors will be ignored for this session

(/usr/lib/firefox/firefox:29914): GLib-GObject-CRITICAL **: 19:53:08.854: g_object_set: assertion 'G_IS_OBJECT (object)' failed
1619446989143	Marionette	WARN	Ignoring event 'DOMContentLoaded' because document has an invalid readyState of 'complete'.

(firefox:29771): GLib-GIO-WARNING **: 19:53:10.536: /etc/xdg/kde-mimeapps.list contains a [Added Associations] group, but it is not permitted here.  Only the non-desktop-specific mimeapps.list file may add or remove associations.
1619446991202	Marionette	INFO	Stopped listening on port 39347
1619447372040	geckodriver	INFO	Listening on 127.0.0.1:43059
1619447372044	mozrunner::runner	INFO	Running command: "/usr/bin/firefox" "--marionette" "-headless" "-foreground" "-no-remote" "-profile" "/tmp/rust_mozprofiletW0m1N"
*** You are running in headless mode.

(/usr/lib/firefox/firefox:31630): GLib-GObject-CRITICAL **: 19:59:32.948: g_object_set: assertion 'G_IS_OBJECT (object)' failed

(/usr/lib/firefox/firefox:31647): GLib-GObject-CRITICAL **: 19:59:33.159: g_object_set: assertion 'G_IS_OBJECT (object)' failed
console.warn: SearchSettings: "get: No settings file exists, new profile?" (new Error("", "(unknown module)"))
1619447374097	Marionette	INFO	Listening on port 45203
1619447374172	Marionette	WARN	TLS certificate errors will be ignored for this session

(/usr/lib/firefox/firefox:31717): GLib-GObject-CRITICAL **: 19:59:34.203: g_object_set: assertion 'G_IS_OBJECT (object)' failed
1619447374939	Marionette	WARN	Ignoring event 'DOMContentLoaded' because document has an invalid readyState of 'complete'.

(firefox:31576): GLib-GIO-WARNING **: 19:59:36.333: /etc/xdg/kde-mimeapps.list contains a [Added Associations] group, but it is not permitted here.  Only the non-desktop-specific mimeapps.list file may add or remove associations.
1619447377243	Marionette	INFO	Stopped listening on port 45203

###!!! [Parent][RunMessage] Error: Channel closing: too late to send/recv, messages will be lost

1619450921755	geckodriver	INFO	Listening on 127.0.0.1:47681
1619450922680	mozrunner::runner	INFO	Running command: "/usr/bin/firefox" "--marionette" "-headless" "-foreground" "-no-remote" "-profile" "/tmp/rust_mozprofileFLX8zm"
*** You are running in headless mode.

(/usr/lib/firefox/firefox:3925): GLib-GObject-CRITICAL **: 20:58:43.726: g_object_set: assertion 'G_IS_OBJECT (object)' failed

(/usr/lib/firefox/firefox:3942): GLib-GObject-CRITICAL **: 20:58:43.919: g_object_set: assertion 'G_IS_OBJECT (object)' failed
console.warn: SearchSettings: "get: No settings file exists, new profile?" (new Error("", "(unknown module)"))
1619450924739	Marionette	INFO	Listening on port 37527

(/usr/lib/firefox/firefox:4014): GLib-GObject-CRITICAL **: 20:58:44.836: g_object_set: assertion 'G_IS_OBJECT (object)' failed
1619450924853	Marionette	WARN	TLS certificate errors will be ignored for this session
1619450925736	Marionette	WARN	Ignoring event 'DOMContentLoaded' because document has an invalid readyState of 'complete'.

(firefox:3850): GLib-GIO-WARNING **: 20:58:50.136: /etc/xdg/kde-mimeapps.list contains a [Added Associations] group, but it is not permitted here.  Only the non-desktop-specific mimeapps.list file may add or remove associations.
1619450931204	Marionette	INFO	Stopped listening on port 37527
1619451011194	geckodriver	INFO	Listening on 127.0.0.1:50551
1619451011199	mozrunner::runner	INFO	Running command: "/usr/bin/firefox" "--marionette" "-headless" "-foreground" "-no-remote" "-profile" "/tmp/rust_mozprofile5RVQHU"
*** You are running in headless mode.

(/usr/lib/firefox/firefox:4296): GLib-GObject-CRITICAL **: 21:00:12.016: g_object_set: assertion 'G_IS_OBJECT (object)' failed

(/usr/lib/firefox/firefox:4313): GLib-GObject-CRITICAL **: 21:00:12.173: g_object_set: assertion 'G_IS_OBJECT (object)' failed
console.warn: SearchSettings: "get: No settings file exists, new profile?" (new Error("", "(unknown module)"))
1619451012951	Marionette	INFO	Listening on port 43575
1619451013022	Marionette	WARN	TLS certificate errors will be ignored for this session

(/usr/lib/firefox/firefox:4388): GLib-GObject-CRITICAL **: 21:00:13.052: g_object_set: assertion 'G_IS_OBJECT (object)' failed
1619451013573	Marionette	WARN	Ignoring event 'DOMContentLoaded' because document has an invalid readyState of 'complete'.

(firefox:4243): GLib-GIO-WARNING **: 21:00:15.103: /etc/xdg/kde-mimeapps.list contains a [Added Associations] group, but it is not permitted here.  Only the non-desktop-specific mimeapps.list file may add or remove associations.
1619451015689	Marionette	INFO	Stopped listening on port 43575

###!!! [Parent][RunMessage] Error: Channel closing: too late to send/recv, messages will be lost

1619451111450	geckodriver	INFO	Listening on 127.0.0.1:47793
1619451111453	mozrunner::runner	INFO	Running command: "/usr/bin/firefox" "--marionette" "-headless" "-foreground" "-no-remote" "-profile" "/tmp/rust_mozprofileWhelOU"
*** You are running in headless mode.

(/usr/lib/firefox/firefox:4716): GLib-GObject-CRITICAL **: 21:01:52.208: g_object_set: assertion 'G_IS_OBJECT (object)' failed

(/usr/lib/firefox/firefox:4733): GLib-GObject-CRITICAL **: 21:01:52.357: g_object_set: assertion 'G_IS_OBJECT (object)' failed
console.warn: SearchSettings: "get: No settings file exists, new profile?" (new Error("", "(unknown module)"))
1619451112908	Marionette	INFO	Listening on port 34507
1619451112971	Marionette	WARN	TLS certificate errors will be ignored for this session

(/usr/lib/firefox/firefox:4807): GLib-GObject-CRITICAL **: 21:01:53.185: g_object_set: assertion 'G_IS_OBJECT (object)' failed
1619451113359	Marionette	WARN	Ignoring event 'DOMContentLoaded' because document has an invalid readyState of 'complete'.

(firefox:4663): GLib-GIO-WARNING **: 21:01:54.803: /etc/xdg/kde-mimeapps.list contains a [Added Associations] group, but it is not permitted here.  Only the non-desktop-specific mimeapps.list file may add or remove associations.
1619451115638	Marionette	INFO	Stopped listening on port 34507
1619451146244	geckodriver	INFO	Listening on 127.0.0.1:51251
1619451146248	mozrunner::runner	INFO	Running command: "/usr/bin/firefox" "--marionette" "-headless" "-foreground" "-no-remote" "-profile" "/tmp/rust_mozprofileLNeUXA"
*** You are running in headless mode.

(/usr/lib/firefox/firefox:4958): GLib-GObject-CRITICAL **: 21:02:26.975: g_object_set: assertion 'G_IS_OBJECT (object)' failed

(/usr/lib/firefox/firefox:4975): GLib-GObject-CRITICAL **: 21:02:27.120: g_object_set: assertion 'G_IS_OBJECT (object)' failed
console.warn: SearchSettings: "get: No settings file exists, new profile?" (new Error("", "(unknown module)"))
1619451147822	Marionette	INFO	Listening on port 35411
1619451147917	Marionette	WARN	TLS certificate errors will be ignored for this session

(/usr/lib/firefox/firefox:5047): GLib-GObject-CRITICAL **: 21:02:28.031: g_object_set: assertion 'G_IS_OBJECT (object)' failed
1619451148288	Marionette	WARN	Ignoring event 'DOMContentLoaded' because document has an invalid readyState of 'complete'.

(firefox:4906): GLib-GIO-WARNING **: 21:02:29.899: /etc/xdg/kde-mimeapps.list contains a [Added Associations] group, but it is not permitted here.  Only the non-desktop-specific mimeapps.list file may add or remove associations.
1619451150601	Marionette	INFO	Stopped listening on port 35411
1619464872223	geckodriver	INFO	Listening on 127.0.0.1:54705
1619464873133	mozrunner::runner	INFO	Running command: "/usr/bin/firefox" "--marionette" "-headless" "-foreground" "-no-remote" "-profile" "/tmp/rust_mozprofileYCRpyA"
*** You are running in headless mode.

(/usr/lib/firefox/firefox:5905): GLib-GObject-CRITICAL **: 00:51:14.241: g_object_set: assertion 'G_IS_OBJECT (object)' failed

(/usr/lib/firefox/firefox:5922): GLib-GObject-CRITICAL **: 00:51:14.394: g_object_set: assertion 'G_IS_OBJECT (object)' failed
console.warn: SearchSettings: "get: No settings file exists, new profile?" (new Error("", "(unknown module)"))
1619464875173	Marionette	INFO	Listening on port 40445

(/usr/lib/firefox/firefox:5995): GLib-GObject-CRITICAL **: 00:51:15.268: g_object_set: assertion 'G_IS_OBJECT (object)' failed
1619464875278	Marionette	WARN	TLS certificate errors will be ignored for this session
1619464875653	Marionette	WARN	Ignoring event 'DOMContentLoaded' because document has an invalid readyState of 'complete'.

(firefox:5832): GLib-GIO-WARNING **: 00:51:20.815: /etc/xdg/kde-mimeapps.list contains a [Added Associations] group, but it is not permitted here.  Only the non-desktop-specific mimeapps.list file may add or remove associations.
1619464881731	Marionette	INFO	Stopped listening on port 40445
1619464971201	geckodriver	INFO	Listening on 127.0.0.1:43887
1619464971204	mozrunner::runner	INFO	Running command: "/usr/bin/firefox" "--marionette" "-headless" "-foreground" "-no-remote" "-profile" "/tmp/rust_mozprofileTDm34u"
*** You are running in headless mode.

(/usr/lib/firefox/firefox:6326): GLib-GObject-CRITICAL **: 00:52:51.965: g_object_set: assertion 'G_IS_OBJECT (object)' failed

(/usr/lib/firefox/firefox:6343): GLib-GObject-CRITICAL **: 00:52:52.116: g_object_set: assertion 'G_IS_OBJECT (object)' failed
console.warn: SearchSettings: "get: No settings file exists, new profile?" (new Error("", "(unknown module)"))
1619464972712	Marionette	INFO	Listening on port 41971
1619464972829	Marionette	WARN	TLS certificate errors will be ignored for this session

(/usr/lib/firefox/firefox:6421): GLib-GObject-CRITICAL **: 00:52:52.932: g_object_set: assertion 'G_IS_OBJECT (object)' failed
1619464973566	Marionette	WARN	Ignoring event 'DOMContentLoaded' because document has an invalid readyState of 'complete'.

(firefox:6271): GLib-GIO-WARNING **: 00:52:55.175: /etc/xdg/kde-mimeapps.list contains a [Added Associations] group, but it is not permitted here.  Only the non-desktop-specific mimeapps.list file may add or remove associations.
1619464975906	Marionette	INFO	Stopped listening on port 41971
1619465074259	geckodriver	INFO	Listening on 127.0.0.1:60895
1619465074263	mozrunner::runner	INFO	Running command: "/usr/bin/firefox" "--marionette" "-headless" "-foreground" "-no-remote" "-profile" "/tmp/rust_mozprofileKE2gYD"
*** You are running in headless mode.

(/usr/lib/firefox/firefox:6720): GLib-GObject-CRITICAL **: 00:54:35.039: g_object_set: assertion 'G_IS_OBJECT (object)' failed

(/usr/lib/firefox/firefox:6737): GLib-GObject-CRITICAL **: 00:54:35.200: g_object_set: assertion 'G_IS_OBJECT (object)' failed
console.warn: SearchSettings: "get: No settings file exists, new profile?" (new Error("", "(unknown module)"))
1619465075776	Marionette	INFO	Listening on port 44083
1619465075892	Marionette	WARN	TLS certificate errors will be ignored for this session

(/usr/lib/firefox/firefox:6812): GLib-GObject-CRITICAL **: 00:54:36.009: g_object_set: assertion 'G_IS_OBJECT (object)' failed
1619465076602	Marionette	WARN	Ignoring event 'DOMContentLoaded' because document has an invalid readyState of 'complete'.

(firefox:6665): GLib-GIO-WARNING **: 00:54:38.222: /etc/xdg/kde-mimeapps.list contains a [Added Associations] group, but it is not permitted here.  Only the non-desktop-specific mimeapps.list file may add or remove associations.
1619465078932	Marionette	INFO	Stopped listening on port 44083

###!!! [Parent][RunMessage] Error: Channel closing: too late to send/recv, messages will be lost

1619465153543	geckodriver	INFO	Listening on 127.0.0.1:43355
1619465153547	mozrunner::runner	INFO	Running command: "/usr/bin/firefox" "--marionette" "-headless" "-foreground" "-no-remote" "-profile" "/tmp/rust_mozprofilei8B0KI"
*** You are running in headless mode.

(/usr/lib/firefox/firefox:7050): GLib-GObject-CRITICAL **: 00:55:54.279: g_object_set: assertion 'G_IS_OBJECT (object)' failed

(/usr/lib/firefox/firefox:7067): GLib-GObject-CRITICAL **: 00:55:54.431: g_object_set: assertion 'G_IS_OBJECT (object)' failed
console.warn: SearchSettings: "get: No settings file exists, new profile?" (new Error("", "(unknown module)"))
1619465155117	Marionette	INFO	Listening on port 38991
1619465155216	Marionette	WARN	TLS certificate errors will be ignored for this session

(/usr/lib/firefox/firefox:7148): GLib-GObject-CRITICAL **: 00:55:55.314: g_object_set: assertion 'G_IS_OBJECT (object)' failed
1619465155696	Marionette	WARN	Ignoring event 'DOMContentLoaded' because document has an invalid readyState of 'complete'.

(firefox:6997): GLib-GIO-WARNING **: 00:55:57.307: /etc/xdg/kde-mimeapps.list contains a [Added Associations] group, but it is not permitted here.  Only the non-desktop-specific mimeapps.list file may add or remove associations.
1619465158095	Marionette	INFO	Stopped listening on port 38991

###!!! [Parent][RunMessage] Error: Channel closing: too late to send/recv, messages will be lost

1619465344923	geckodriver	INFO	Listening on 127.0.0.1:42311
1619465344928	mozrunner::runner	INFO	Running command: "/usr/bin/firefox" "--marionette" "-headless" "-foreground" "-no-remote" "-profile" "/tmp/rust_mozprofileddkY78"
*** You are running in headless mode.

(/usr/lib/firefox/firefox:7700): GLib-GObject-CRITICAL **: 00:59:05.694: g_object_set: assertion 'G_IS_OBJECT (object)' failed

(/usr/lib/firefox/firefox:7720): GLib-GObject-CRITICAL **: 00:59:05.816: g_object_set: assertion 'G_IS_OBJECT (object)' failed
console.warn: SearchSettings: "get: No settings file exists, new profile?" (new Error("", "(unknown module)"))
1619465346416	Marionette	INFO	Listening on port 38697
1619465346447	Marionette	WARN	TLS certificate errors will be ignored for this session

(/usr/lib/firefox/firefox:7791): GLib-GObject-CRITICAL **: 00:59:06.668: g_object_set: assertion 'G_IS_OBJECT (object)' failed
1619465346835	Marionette	WARN	Ignoring event 'DOMContentLoaded' because document has an invalid readyState of 'complete'.

(firefox:7646): GLib-GIO-WARNING **: 00:59:08.320: /etc/xdg/kde-mimeapps.list contains a [Added Associations] group, but it is not permitted here.  Only the non-desktop-specific mimeapps.list file may add or remove associations.
1619465348922	Marionette	INFO	Stopped listening on port 38697

###!!! [Parent][RunMessage] Error: Channel closing: too late to send/recv, messages will be lost


###!!! [Parent][RunMessage] Error: Channel closing: too late to send/recv, messages will be lost


###!!! [Parent][RunMessage] Error: Channel closing: too late to send/recv, messages will be lost

1619466346713	geckodriver	INFO	Listening on 127.0.0.1:32829
1619466346717	mozrunner::runner	INFO	Running command: "/usr/bin/firefox" "--marionette" "-headless" "-foreground" "-no-remote" "-profile" "/tmp/rust_mozprofileKcyZtY"
*** You are running in headless mode.

(/usr/lib/firefox/firefox:10093): GLib-GObject-CRITICAL **: 01:15:47.428: g_object_set: assertion 'G_IS_OBJECT (object)' failed

(/usr/lib/firefox/firefox:10110): GLib-GObject-CRITICAL **: 01:15:47.608: g_object_set: assertion 'G_IS_OBJECT (object)' failed
console.warn: SearchSettings: "get: No settings file exists, new profile?" (new Error("", "(unknown module)"))
1619466348223	Marionette	INFO	Listening on port 34095
1619466348353	Marionette	WARN	TLS certificate errors will be ignored for this session

(/usr/lib/firefox/firefox:10185): GLib-GObject-CRITICAL **: 01:15:48.473: g_object_set: assertion 'G_IS_OBJECT (object)' failed
1619466349002	Marionette	WARN	Ignoring event 'DOMContentLoaded' because document has an invalid readyState of 'complete'.

(firefox:10041): GLib-GIO-WARNING **: 01:15:50.523: /etc/xdg/kde-mimeapps.list contains a [Added Associations] group, but it is not permitted here.  Only the non-desktop-specific mimeapps.list file may add or remove associations.
1619466351312	Marionette	INFO	Stopped listening on port 34095
1619466462051	geckodriver	INFO	Listening on 127.0.0.1:33655
1619466462055	mozrunner::runner	INFO	Running command: "/usr/bin/firefox" "--marionette" "-headless" "-foreground" "-no-remote" "-profile" "/tmp/rust_mozprofile6ylaE0"
*** You are running in headless mode.

(/usr/lib/firefox/firefox:10524): GLib-GObject-CRITICAL **: 01:17:42.826: g_object_set: assertion 'G_IS_OBJECT (object)' failed

(/usr/lib/firefox/firefox:10541): GLib-GObject-CRITICAL **: 01:17:42.930: g_object_set: assertion 'G_IS_OBJECT (object)' failed
console.warn: SearchSettings: "get: No settings file exists, new profile?" (new Error("", "(unknown module)"))
1619466463562	Marionette	INFO	Listening on port 38931
1619466463693	Marionette	WARN	TLS certificate errors will be ignored for this session

(/usr/lib/firefox/firefox:10617): GLib-GObject-CRITICAL **: 01:17:43.807: g_object_set: assertion 'G_IS_OBJECT (object)' failed
1619466464359	Marionette	WARN	Ignoring event 'DOMContentLoaded' because document has an invalid readyState of 'complete'.

(firefox:10471): GLib-GIO-WARNING **: 01:17:45.822: /etc/xdg/kde-mimeapps.list contains a [Added Associations] group, but it is not permitted here.  Only the non-desktop-specific mimeapps.list file may add or remove associations.
1619466466560	Marionette	INFO	Stopped listening on port 38931

###!!! [Parent][RunMessage] Error: Channel closing: too late to send/recv, messages will be lost


###!!! [Parent][RunMessage] Error: Channel closing: too late to send/recv, messages will be lost

1619466500925	geckodriver	INFO	Listening on 127.0.0.1:36877
1619466500928	mozrunner::runner	INFO	Running command: "/usr/bin/firefox" "--marionette" "-headless" "-foreground" "-no-remote" "-profile" "/tmp/rust_mozprofilep5YS4D"
*** You are running in headless mode.

(/usr/lib/firefox/firefox:10783): GLib-GObject-CRITICAL **: 01:18:21.680: g_object_set: assertion 'G_IS_OBJECT (object)' failed

(/usr/lib/firefox/firefox:10802): GLib-GObject-CRITICAL **: 01:18:21.798: g_object_set: assertion 'G_IS_OBJECT (object)' failed
console.warn: SearchSettings: "get: No settings file exists, new profile?" (new Error("", "(unknown module)"))
1619466502435	Marionette	INFO	Listening on port 37105
1619466502582	Marionette	WARN	TLS certificate errors will be ignored for this session

(/usr/lib/firefox/firefox:10897): GLib-GObject-CRITICAL **: 01:18:22.691: g_object_set: assertion 'G_IS_OBJECT (object)' failed
1619466502953	Marionette	WARN	Ignoring event 'DOMContentLoaded' because document has an invalid readyState of 'complete'.

(firefox:10731): GLib-GIO-WARNING **: 01:18:24.461: /etc/xdg/kde-mimeapps.list contains a [Added Associations] group, but it is not permitted here.  Only the non-desktop-specific mimeapps.list file may add or remove associations.
1619466505080	Marionette	INFO	Stopped listening on port 37105

###!!! [Parent][RunMessage] Error: Channel closing: too late to send/recv, messages will be lost

1619466532178	geckodriver	INFO	Listening on 127.0.0.1:40239
1619466532183	mozrunner::runner	INFO	Running command: "/usr/bin/firefox" "--marionette" "-headless" "-foreground" "-no-remote" "-profile" "/tmp/rust_mozprofile0jl72K"
*** You are running in headless mode.

(/usr/lib/firefox/firefox:11066): GLib-GObject-CRITICAL **: 01:18:52.903: g_object_set: assertion 'G_IS_OBJECT (object)' failed

(/usr/lib/firefox/firefox:11083): GLib-GObject-CRITICAL **: 01:18:53.024: g_object_set: assertion 'G_IS_OBJECT (object)' failed
console.warn: SearchSettings: "get: No settings file exists, new profile?" (new Error("", "(unknown module)"))
1619466533639	Marionette	INFO	Listening on port 43319
1619466533701	Marionette	WARN	TLS certificate errors will be ignored for this session

(/usr/lib/firefox/firefox:11157): GLib-GObject-CRITICAL **: 01:18:53.915: g_object_set: assertion 'G_IS_OBJECT (object)' failed
1619466534436	Marionette	WARN	Ignoring event 'DOMContentLoaded' because document has an invalid readyState of 'complete'.

(firefox:11009): GLib-GIO-WARNING **: 01:18:55.986: /etc/xdg/kde-mimeapps.list contains a [Added Associations] group, but it is not permitted here.  Only the non-desktop-specific mimeapps.list file may add or remove associations.
1619466536887	Marionette	INFO	Stopped listening on port 43319

###!!! [Parent][RunMessage] Error: Channel closing: too late to send/recv, messages will be lost

1619467441016	geckodriver	INFO	Listening on 127.0.0.1:41209
1619467441020	mozrunner::runner	INFO	Running command: "/usr/bin/firefox" "--marionette" "-headless" "-foreground" "-no-remote" "-profile" "/tmp/rust_mozprofileabd1xU"
*** You are running in headless mode.

(/usr/lib/firefox/firefox:13471): GLib-GObject-CRITICAL **: 01:34:01.731: g_object_set: assertion 'G_IS_OBJECT (object)' failed

(/usr/lib/firefox/firefox:13490): GLib-GObject-CRITICAL **: 01:34:01.925: g_object_set: assertion 'G_IS_OBJECT (object)' failed
console.warn: SearchSettings: "get: No settings file exists, new profile?" (new Error("", "(unknown module)"))
1619467442516	Marionette	INFO	Listening on port 33541
1619467442538	Marionette	WARN	TLS certificate errors will be ignored for this session

(/usr/lib/firefox/firefox:13562): GLib-GObject-CRITICAL **: 01:34:02.755: g_object_set: assertion 'G_IS_OBJECT (object)' failed
1619467442907	Marionette	WARN	Ignoring event 'DOMContentLoaded' because document has an invalid readyState of 'complete'.

(firefox:13419): GLib-GIO-WARNING **: 01:34:04.422: /etc/xdg/kde-mimeapps.list contains a [Added Associations] group, but it is not permitted here.  Only the non-desktop-specific mimeapps.list file may add or remove associations.
1619467445156	Marionette	INFO	Stopped listening on port 33541
1619467583547	geckodriver	INFO	Listening on 127.0.0.1:56935
1619467583550	mozrunner::runner	INFO	Running command: "/usr/bin/firefox" "--marionette" "-headless" "-foreground" "-no-remote" "-profile" "/tmp/rust_mozprofilezyoPUW"
*** You are running in headless mode.

(/usr/lib/firefox/firefox:13953): GLib-GObject-CRITICAL **: 01:36:24.313: g_object_set: assertion 'G_IS_OBJECT (object)' failed

(/usr/lib/firefox/firefox:13970): GLib-GObject-CRITICAL **: 01:36:24.417: g_object_set: assertion 'G_IS_OBJECT (object)' failed
console.warn: SearchSettings: "get: No settings file exists, new profile?" (new Error("", "(unknown module)"))
1619467585048	Marionette	INFO	Listening on port 34603
1619467585067	Marionette	WARN	TLS certificate errors will be ignored for this session

(/usr/lib/firefox/firefox:14045): GLib-GObject-CRITICAL **: 01:36:25.287: g_object_set: assertion 'G_IS_OBJECT (object)' failed
1619467585448	Marionette	WARN	Ignoring event 'DOMContentLoaded' because document has an invalid readyState of 'complete'.

(firefox:13900): GLib-GIO-WARNING **: 01:36:26.853: /etc/xdg/kde-mimeapps.list contains a [Added Associations] group, but it is not permitted here.  Only the non-desktop-specific mimeapps.list file may add or remove associations.
1619467587510	Marionette	INFO	Stopped listening on port 34603
1619467655839	geckodriver	INFO	Listening on 127.0.0.1:45693
1619467655842	mozrunner::runner	INFO	Running command: "/usr/bin/firefox" "--marionette" "-headless" "-foreground" "-no-remote" "-profile" "/tmp/rust_mozprofilemBvPSP"
*** You are running in headless mode.

(/usr/lib/firefox/firefox:14302): GLib-GObject-CRITICAL **: 01:37:36.573: g_object_set: assertion 'G_IS_OBJECT (object)' failed

(/usr/lib/firefox/firefox:14319): GLib-GObject-CRITICAL **: 01:37:36.729: g_object_set: assertion 'G_IS_OBJECT (object)' failed
console.warn: SearchSettings: "get: No settings file exists, new profile?" (new Error("", "(unknown module)"))
1619467657322	Marionette	INFO	Listening on port 36215
1619467657360	Marionette	WARN	TLS certificate errors will be ignored for this session

(/usr/lib/firefox/firefox:14396): GLib-GObject-CRITICAL **: 01:37:37.568: g_object_set: assertion 'G_IS_OBJECT (object)' failed
1619467657727	Marionette	WARN	Ignoring event 'DOMContentLoaded' because document has an invalid readyState of 'complete'.

(firefox:14249): GLib-GIO-WARNING **: 01:37:39.264: /etc/xdg/kde-mimeapps.list contains a [Added Associations] group, but it is not permitted here.  Only the non-desktop-specific mimeapps.list file may add or remove associations.
1619467659850	Marionette	INFO	Stopped listening on port 36215
1619467751225	geckodriver	INFO	Listening on 127.0.0.1:56627
1619467751228	mozrunner::runner	INFO	Running command: "/usr/bin/firefox" "--marionette" "-headless" "-foreground" "-no-remote" "-profile" "/tmp/rust_mozprofileSrBNGF"
*** You are running in headless mode.

(/usr/lib/firefox/firefox:14704): GLib-GObject-CRITICAL **: 01:39:11.957: g_object_set: assertion 'G_IS_OBJECT (object)' failed

(/usr/lib/firefox/firefox:14721): GLib-GObject-CRITICAL **: 01:39:12.081: g_object_set: assertion 'G_IS_OBJECT (object)' failed
console.warn: SearchSettings: "get: No settings file exists, new profile?" (new Error("", "(unknown module)"))
1619467752690	Marionette	INFO	Listening on port 44521
1619467752746	Marionette	WARN	TLS certificate errors will be ignored for this session

(/usr/lib/firefox/firefox:14807): GLib-GObject-CRITICAL **: 01:39:12.940: g_object_set: assertion 'G_IS_OBJECT (object)' failed
1619467753192	Marionette	WARN	Ignoring event 'DOMContentLoaded' because document has an invalid readyState of 'complete'.

(firefox:14650): GLib-GIO-WARNING **: 01:39:14.619: /etc/xdg/kde-mimeapps.list contains a [Added Associations] group, but it is not permitted here.  Only the non-desktop-specific mimeapps.list file may add or remove associations.
1619467755268	Marionette	INFO	Stopped listening on port 44521
1619467785674	geckodriver	INFO	Listening on 127.0.0.1:35621
1619467785678	mozrunner::runner	INFO	Running command: "/usr/bin/firefox" "--marionette" "-headless" "-foreground" "-no-remote" "-profile" "/tmp/rust_mozprofileqAMJBW"
*** You are running in headless mode.

(/usr/lib/firefox/firefox:14975): GLib-GObject-CRITICAL **: 01:39:46.454: g_object_set: assertion 'G_IS_OBJECT (object)' failed

(/usr/lib/firefox/firefox:14992): GLib-GObject-CRITICAL **: 01:39:46.540: g_object_set: assertion 'G_IS_OBJECT (object)' failed
console.warn: SearchSettings: "get: No settings file exists, new profile?" (new Error("", "(unknown module)"))
1619467787161	Marionette	INFO	Listening on port 35501
1619467787204	Marionette	WARN	TLS certificate errors will be ignored for this session

(/usr/lib/firefox/firefox:15064): GLib-GObject-CRITICAL **: 01:39:47.433: g_object_set: assertion 'G_IS_OBJECT (object)' failed
1619467787568	Marionette	WARN	Ignoring event 'DOMContentLoaded' because document has an invalid readyState of 'complete'.

(firefox:14922): GLib-GIO-WARNING **: 01:39:49.029: /etc/xdg/kde-mimeapps.list contains a [Added Associations] group, but it is not permitted here.  Only the non-desktop-specific mimeapps.list file may add or remove associations.
1619467789677	Marionette	INFO	Stopped listening on port 35501

###!!! [Parent][RunMessage] Error: Channel closing: too late to send/recv, messages will be lost


###!!! [Parent][RunMessage] Error: Channel closing: too late to send/recv, messages will be lost


###!!! [Parent][RunMessage] Error: Channel closing: too late to send/recv, messages will be lost

1619468052591	geckodriver	INFO	Listening on 127.0.0.1:37311
1619468052594	mozrunner::runner	INFO	Running command: "/usr/bin/firefox" "--marionette" "-headless" "-foreground" "-no-remote" "-profile" "/tmp/rust_mozprofilenPyi9p"
*** You are running in headless mode.

(/usr/lib/firefox/firefox:16127): GLib-GObject-CRITICAL **: 01:44:13.322: g_object_set: assertion 'G_IS_OBJECT (object)' failed

(/usr/lib/firefox/firefox:16144): GLib-GObject-CRITICAL **: 01:44:13.470: g_object_set: assertion 'G_IS_OBJECT (object)' failed
console.warn: SearchSettings: "get: No settings file exists, new profile?" (new Error("", "(unknown module)"))
1619468054079	Marionette	INFO	Listening on port 33817
1619468054112	Marionette	WARN	TLS certificate errors will be ignored for this session

(/usr/lib/firefox/firefox:16217): GLib-GObject-CRITICAL **: 01:44:14.306: g_object_set: assertion 'G_IS_OBJECT (object)' failed
1619468054687	Marionette	WARN	Ignoring event 'DOMContentLoaded' because document has an invalid readyState of 'complete'.

(firefox:16075): GLib-GIO-WARNING **: 01:44:16.114: /etc/xdg/kde-mimeapps.list contains a [Added Associations] group, but it is not permitted here.  Only the non-desktop-specific mimeapps.list file may add or remove associations.
1619468056880	Marionette	INFO	Stopped listening on port 33817
1619468102686	geckodriver	INFO	Listening on 127.0.0.1:55509
1619468102690	mozrunner::runner	INFO	Running command: "/usr/bin/firefox" "--marionette" "-headless" "-foreground" "-no-remote" "-profile" "/tmp/rust_mozprofileqgMrx1"
*** You are running in headless mode.

(/usr/lib/firefox/firefox:16416): GLib-GObject-CRITICAL **: 01:45:03.452: g_object_set: assertion 'G_IS_OBJECT (object)' failed

(/usr/lib/firefox/firefox:16433): GLib-GObject-CRITICAL **: 01:45:03.588: g_object_set: assertion 'G_IS_OBJECT (object)' failed
console.warn: SearchSettings: "get: No settings file exists, new profile?" (new Error("", "(unknown module)"))
1619468104209	Marionette	INFO	Listening on port 38205
1619468104315	Marionette	WARN	TLS certificate errors will be ignored for this session

(/usr/lib/firefox/firefox:16504): GLib-GObject-CRITICAL **: 01:45:04.420: g_object_set: assertion 'G_IS_OBJECT (object)' failed
1619468104701	Marionette	WARN	Ignoring event 'DOMContentLoaded' because document has an invalid readyState of 'complete'.

(firefox:16364): GLib-GIO-WARNING **: 01:45:06.201: /etc/xdg/kde-mimeapps.list contains a [Added Associations] group, but it is not permitted here.  Only the non-desktop-specific mimeapps.list file may add or remove associations.
1619468106841	Marionette	INFO	Stopped listening on port 38205
1619468163964	geckodriver	INFO	Listening on 127.0.0.1:52677
1619468163968	mozrunner::runner	INFO	Running command: "/usr/bin/firefox" "--marionette" "-headless" "-foreground" "-no-remote" "-profile" "/tmp/rust_mozprofileFoTOff"
*** You are running in headless mode.

(/usr/lib/firefox/firefox:16736): GLib-GObject-CRITICAL **: 01:46:04.706: g_object_set: assertion 'G_IS_OBJECT (object)' failed

(/usr/lib/firefox/firefox:16756): GLib-GObject-CRITICAL **: 01:46:04.837: g_object_set: assertion 'G_IS_OBJECT (object)' failed
console.warn: SearchSettings: "get: No settings file exists, new profile?" (new Error("", "(unknown module)"))
1619468165428	Marionette	INFO	Listening on port 36125
1619468165484	Marionette	WARN	TLS certificate errors will be ignored for this session

(/usr/lib/firefox/firefox:16828): GLib-GObject-CRITICAL **: 01:46:05.700: g_object_set: assertion 'G_IS_OBJECT (object)' failed
1619468165848	Marionette	WARN	Ignoring event 'DOMContentLoaded' because document has an invalid readyState of 'complete'.

(firefox:16683): GLib-GIO-WARNING **: 01:46:07.381: /etc/xdg/kde-mimeapps.list contains a [Added Associations] group, but it is not permitted here.  Only the non-desktop-specific mimeapps.list file may add or remove associations.
1619468167850	Marionette	INFO	Stopped listening on port 36125

###!!! [Parent][RunMessage] Error: Channel closing: too late to send/recv, messages will be lost

1619468275780	geckodriver	INFO	Listening on 127.0.0.1:59883
1619468275785	mozrunner::runner	INFO	Running command: "/usr/bin/firefox" "--marionette" "-headless" "-foreground" "-no-remote" "-profile" "/tmp/rust_mozprofile3jFfZ8"
*** You are running in headless mode.

(/usr/lib/firefox/firefox:17173): GLib-GObject-CRITICAL **: 01:47:56.503: g_object_set: assertion 'G_IS_OBJECT (object)' failed
console.warn: SearchSettings: "get: No settings file exists, new profile?" (new Error("", "(unknown module)"))

(/usr/lib/firefox/firefox:17190): GLib-GObject-CRITICAL **: 01:47:56.672: g_object_set: assertion 'G_IS_OBJECT (object)' failed
1619468277262	Marionette	INFO	Listening on port 40143
1619468277303	Marionette	WARN	TLS certificate errors will be ignored for this session

(/usr/lib/firefox/firefox:17266): GLib-GObject-CRITICAL **: 01:47:57.523: g_object_set: assertion 'G_IS_OBJECT (object)' failed
1619468277666	Marionette	WARN	Ignoring event 'DOMContentLoaded' because document has an invalid readyState of 'complete'.

(firefox:17121): GLib-GIO-WARNING **: 01:47:59.144: /etc/xdg/kde-mimeapps.list contains a [Added Associations] group, but it is not permitted here.  Only the non-desktop-specific mimeapps.list file may add or remove associations.
1619468279877	Marionette	INFO	Stopped listening on port 40143
1619468527674	geckodriver	INFO	Listening on 127.0.0.1:60133
1619468527678	mozrunner::runner	INFO	Running command: "/usr/bin/firefox" "--marionette" "-headless" "-foreground" "-no-remote" "-profile" "/tmp/rust_mozprofilejwrDvD"
*** You are running in headless mode.

(/usr/lib/firefox/firefox:17916): GLib-GObject-CRITICAL **: 01:52:08.419: g_object_set: assertion 'G_IS_OBJECT (object)' failed

(/usr/lib/firefox/firefox:17933): GLib-GObject-CRITICAL **: 01:52:08.556: g_object_set: assertion 'G_IS_OBJECT (object)' failed
console.warn: SearchSettings: "get: No settings file exists, new profile?" (new Error("", "(unknown module)"))
1619468529165	Marionette	INFO	Listening on port 38957
1619468529198	Marionette	WARN	TLS certificate errors will be ignored for this session

(/usr/lib/firefox/firefox:18008): GLib-GObject-CRITICAL **: 01:52:09.413: g_object_set: assertion 'G_IS_OBJECT (object)' failed
1619468529561	Marionette	WARN	Ignoring event 'DOMContentLoaded' because document has an invalid readyState of 'complete'.

(firefox:17863): GLib-GIO-WARNING **: 01:52:11.065: /etc/xdg/kde-mimeapps.list contains a [Added Associations] group, but it is not permitted here.  Only the non-desktop-specific mimeapps.list file may add or remove associations.
1619468531939	Marionette	INFO	Stopped listening on port 38957
1619468629139	geckodriver	INFO	Listening on 127.0.0.1:57261
1619468629142	mozrunner::runner	INFO	Running command: "/usr/bin/firefox" "--marionette" "-headless" "-foreground" "-no-remote" "-profile" "/tmp/rust_mozprofileCiENWn"
*** You are running in headless mode.

(/usr/lib/firefox/firefox:18336): GLib-GObject-CRITICAL **: 01:53:49.872: g_object_set: assertion 'G_IS_OBJECT (object)' failed

(/usr/lib/firefox/firefox:18353): GLib-GObject-CRITICAL **: 01:53:50.000: g_object_set: assertion 'G_IS_OBJECT (object)' failed
console.warn: SearchSettings: "get: No settings file exists, new profile?" (new Error("", "(unknown module)"))
1619468630619	Marionette	INFO	Listening on port 37501
1619468630659	Marionette	WARN	TLS certificate errors will be ignored for this session

(/usr/lib/firefox/firefox:18437): GLib-GObject-CRITICAL **: 01:53:50.865: g_object_set: assertion 'G_IS_OBJECT (object)' failed
1619468631040	Marionette	WARN	Ignoring event 'DOMContentLoaded' because document has an invalid readyState of 'complete'.

(firefox:18280): GLib-GIO-WARNING **: 01:53:52.491: /etc/xdg/kde-mimeapps.list contains a [Added Associations] group, but it is not permitted here.  Only the non-desktop-specific mimeapps.list file may add or remove associations.
1619468633159	Marionette	INFO	Stopped listening on port 37501

###!!! [Parent][RunMessage] Error: Channel closing: too late to send/recv, messages will be lost


###!!! [Parent][RunMessage] Error: Channel closing: too late to send/recv, messages will be lost


###!!! [Parent][RunMessage] Error: Channel closing: too late to send/recv, messages will be lost

1619468684452	geckodriver	INFO	Listening on 127.0.0.1:58107
1619468684456	mozrunner::runner	INFO	Running command: "/usr/bin/firefox" "--marionette" "-headless" "-foreground" "-no-remote" "-profile" "/tmp/rust_mozprofile7Rs7Qw"
*** You are running in headless mode.

(/usr/lib/firefox/firefox:18654): GLib-GObject-CRITICAL **: 01:54:45.240: g_object_set: assertion 'G_IS_OBJECT (object)' failed

(/usr/lib/firefox/firefox:18671): GLib-GObject-CRITICAL **: 01:54:45.364: g_object_set: assertion 'G_IS_OBJECT (object)' failed
console.warn: SearchSettings: "get: No settings file exists, new profile?" (new Error("", "(unknown module)"))
1619468686155	Marionette	INFO	Listening on port 36027
1619468686182	Marionette	WARN	TLS certificate errors will be ignored for this session

(/usr/lib/firefox/firefox:18745): GLib-GObject-CRITICAL **: 01:54:46.285: g_object_set: assertion 'G_IS_OBJECT (object)' failed
1619468686753	Marionette	WARN	Ignoring event 'DOMContentLoaded' because document has an invalid readyState of 'complete'.

(firefox:18598): GLib-GIO-WARNING **: 01:54:48.232: /etc/xdg/kde-mimeapps.list contains a [Added Associations] group, but it is not permitted here.  Only the non-desktop-specific mimeapps.list file may add or remove associations.
1619468689059	Marionette	INFO	Stopped listening on port 36027

###!!! [Parent][RunMessage] Error: Channel closing: too late to send/recv, messages will be lost


###!!! [Parent][RunMessage] Error: Channel closing: too late to send/recv, messages will be lost


###!!! [Parent][RunMessage] Error: Channel closing: too late to send/recv, messages will be lost

1619468920479	geckodriver	INFO	Listening on 127.0.0.1:33317
1619468920482	mozrunner::runner	INFO	Running command: "/usr/bin/firefox" "--marionette" "-headless" "-foreground" "-no-remote" "-profile" "/tmp/rust_mozprofilekfSbej"
*** You are running in headless mode.

(/usr/lib/firefox/firefox:19546): GLib-GObject-CRITICAL **: 01:58:41.199: g_object_set: assertion 'G_IS_OBJECT (object)' failed

(/usr/lib/firefox/firefox:19563): GLib-GObject-CRITICAL **: 01:58:41.351: g_object_set: assertion 'G_IS_OBJECT (object)' failed
console.warn: SearchSettings: "get: No settings file exists, new profile?" (new Error("", "(unknown module)"))
1619468922033	Marionette	INFO	Listening on port 33511
1619468922133	Marionette	WARN	TLS certificate errors will be ignored for this session

(/usr/lib/firefox/firefox:19638): GLib-GObject-CRITICAL **: 01:58:42.253: g_object_set: assertion 'G_IS_OBJECT (object)' failed
1619468922509	Marionette	WARN	Ignoring event 'DOMContentLoaded' because document has an invalid readyState of 'complete'.

(firefox:19489): GLib-GIO-WARNING **: 01:58:43.918: /etc/xdg/kde-mimeapps.list contains a [Added Associations] group, but it is not permitted here.  Only the non-desktop-specific mimeapps.list file may add or remove associations.
1619468924522	Marionette	INFO	Stopped listening on port 33511
